INFO - 2021-05-14 17:40:17,853 - uvicorn.error - 38 - Application startup complete.
INFO - 2021-05-14 17:40:17,890 - uvicorn.error - 199 - Uvicorn running on http://localhost:9999 (Press CTRL+C to quit)
INFO - 2021-05-14 17:42:22,447 - uvicorn.error - 38 - Application startup complete.
INFO - 2021-05-14 17:42:22,473 - uvicorn.error - 199 - Uvicorn running on http://localhost:9999 (Press CTRL+C to quit)
INFO - 2021-05-14 17:44:28,875 - uvicorn.error - 38 - Application startup complete.
INFO - 2021-05-14 17:44:28,902 - uvicorn.error - 199 - Uvicorn running on http://localhost:9999 (Press CTRL+C to quit)
INFO - 2021-05-14 17:45:44,337 - uvicorn.error - 38 - Application startup complete.
INFO - 2021-05-14 17:45:44,365 - uvicorn.error - 199 - Uvicorn running on http://localhost:9999 (Press CTRL+C to quit)
INFO - 2021-05-14 21:42:32,765 - uvicorn.error - 38 - Application startup complete.
INFO - 2021-05-14 21:42:32,802 - uvicorn.error - 199 - Uvicorn running on http://localhost:9999 (Press CTRL+C to quit)
INFO - 2021-05-14 21:43:53,239 - uvicorn.access - 461 - ::1:62163 - "GET / HTTP/1.1" 200
INFO - 2021-05-14 21:50:42,228 - uvicorn.error - 38 - Application startup complete.
INFO - 2021-05-14 21:50:42,288 - uvicorn.error - 199 - Uvicorn running on http://localhost:9999 (Press CTRL+C to quit)
INFO - 2021-05-16 16:08:29,572 - uvicorn.error - 38 - Application startup complete.
INFO - 2021-05-16 16:08:29,641 - uvicorn.error - 199 - Uvicorn running on http://localhost:9999 (Press CTRL+C to quit)
INFO - 2021-05-16 16:09:06,152 - uvicorn.access - 461 - ::1:61497 - "GET / HTTP/1.1" 200
INFO - 2021-05-16 16:11:15,542 - uvicorn.error - 38 - Application startup complete.
INFO - 2021-05-16 16:11:15,584 - uvicorn.error - 199 - Uvicorn running on http://localhost:9999 (Press CTRL+C to quit)
INFO - 2021-05-16 16:12:38,400 - uvicorn.error - 38 - Application startup complete.
INFO - 2021-05-16 16:12:38,400 - uvicorn.error - 38 - Application startup complete.
INFO - 2021-05-16 16:12:38,451 - uvicorn.error - 199 - Uvicorn running on http://localhost:9999 (Press CTRL+C to quit)
INFO - 2021-05-16 16:12:38,451 - uvicorn.error - 199 - Uvicorn running on http://localhost:9999 (Press CTRL+C to quit)
INFO - 2021-05-16 16:13:47,092 - uvicorn.error - 38 - Application startup complete.
INFO - 2021-05-16 16:13:47,134 - uvicorn.error - 199 - Uvicorn running on http://localhost:9999 (Press CTRL+C to quit)
INFO - 2021-05-20 10:39:04,165 - uvicorn.error - 38 - Application startup complete.
INFO - 2021-05-20 10:39:04,218 - uvicorn.error - 199 - Uvicorn running on http://localhost:9999 (Press CTRL+C to quit)
INFO - 2021-05-20 10:39:35,134 - app.synchronizers.mbop - 64 - Synchronization in progress...
INFO - 2021-05-20 10:39:35,136 - uvicorn.error - 38 - Application startup complete.
INFO - 2021-05-20 10:39:35,174 - uvicorn.error - 199 - Uvicorn running on http://localhost:9999 (Press CTRL+C to quit)
INFO - 2021-05-20 10:44:23,298 - app.synchronizers.mbop - 67 - Starting synchronization...
INFO - 2021-05-20 10:44:23,299 - app.synchronizers.mbop - 69 - Synchronization state set to true.
INFO - 2021-05-20 10:44:23,300 - uvicorn.error - 38 - Application startup complete.
INFO - 2021-05-20 10:44:23,339 - uvicorn.error - 199 - Uvicorn running on http://localhost:9999 (Press CTRL+C to quit)
INFO - 2021-05-20 10:45:23,321 - app.synchronizers.mbop - 67 - Starting synchronization...
INFO - 2021-05-20 10:45:23,322 - app.synchronizers.mbop - 69 - Synchronization state set to true.
INFO - 2021-05-20 10:49:17,231 - app.synchronizers.mbop - 67 - Starting synchronization...
INFO - 2021-05-20 10:49:17,232 - app.synchronizers.mbop - 69 - Synchronization state set to true.
INFO - 2021-05-20 10:49:17,233 - app.synchronizers.mbop - 81 - Fetching links from page 1...
INFO - 2021-05-20 10:49:18,029 - uvicorn.error - 38 - Application startup complete.
INFO - 2021-05-20 10:49:18,065 - uvicorn.error - 199 - Uvicorn running on http://localhost:9999 (Press CTRL+C to quit)
INFO - 2021-05-20 10:50:18,048 - app.synchronizers.mbop - 67 - Starting synchronization...
INFO - 2021-05-20 10:50:18,049 - app.synchronizers.mbop - 69 - Synchronization state set to true.
INFO - 2021-05-20 10:50:18,049 - app.synchronizers.mbop - 81 - Fetching links from page 1...
INFO - 2021-05-20 10:51:18,340 - app.synchronizers.mbop - 67 - Starting synchronization...
INFO - 2021-05-20 10:51:18,341 - app.synchronizers.mbop - 69 - Synchronization state set to true.
INFO - 2021-05-20 10:51:18,341 - app.synchronizers.mbop - 81 - Fetching links from page 1...
INFO - 2021-05-20 10:53:44,766 - app.synchronizers.mbop - 67 - Starting synchronization...
INFO - 2021-05-20 10:53:46,569 - app.synchronizers.mbop - 69 - Synchronization state set to true.
INFO - 2021-05-20 10:53:55,233 - app.synchronizers.mbop - 81 - Fetching links from page 1...
INFO - 2021-05-20 10:54:07,718 - uvicorn.error - 38 - Application startup complete.
INFO - 2021-05-20 10:54:07,739 - uvicorn.error - 199 - Uvicorn running on http://localhost:9999 (Press CTRL+C to quit)
INFO - 2021-05-20 10:55:06,861 - app.synchronizers.mbop - 67 - Starting synchronization...
INFO - 2021-05-20 10:55:07,210 - app.synchronizers.mbop - 69 - Synchronization state set to true.
INFO - 2021-05-20 10:55:13,744 - app.synchronizers.mbop - 81 - Fetching links from page 1...
INFO - 2021-05-20 10:59:01,776 - app.synchronizers.mbop - 67 - Starting synchronization...
INFO - 2021-05-20 10:59:01,994 - app.synchronizers.mbop - 69 - Synchronization state set to true.
INFO - 2021-05-20 10:59:14,319 - app.synchronizers.mbop - 81 - Fetching links from page 1...
INFO - 2021-05-20 11:03:41,444 - app.synchronizers.mbop - 66 - Starting synchronization...
INFO - 2021-05-20 11:03:41,634 - app.synchronizers.mbop - 68 - Synchronization state set to true.
INFO - 2021-05-20 11:03:44,023 - app.synchronizers.mbop - 80 - Fetching links from page 1...
INFO - 2021-05-20 11:06:23,815 - app.synchronizers.mbop - 68 - Starting synchronization...
INFO - 2021-05-20 11:06:23,943 - app.synchronizers.mbop - 70 - Synchronization state set to true.
INFO - 2021-05-20 11:06:25,671 - app.synchronizers.mbop - 82 - Fetching links from page 1...
INFO - 2021-05-20 11:10:11,344 - app.synchronizers.mbop - 68 - Starting synchronization...
INFO - 2021-05-20 11:10:11,581 - app.synchronizers.mbop - 70 - Synchronization state set to true.
INFO - 2021-05-20 11:10:14,028 - app.synchronizers.mbop - 82 - Fetching links from page 1...
INFO - 2021-05-20 11:10:48,390 - app.synchronizers.mbop - 87 - Fetching and parsing single offer 1/0...
INFO - 2021-05-20 11:16:02,106 - app.synchronizers.mbop - 69 - Starting synchronization...
INFO - 2021-05-20 11:16:02,518 - app.synchronizers.mbop - 71 - Synchronization state set to true.
INFO - 2021-05-20 11:16:05,555 - app.synchronizers.mbop - 83 - Fetching links from page 1...
INFO - 2021-05-20 11:16:17,838 - app.synchronizers.mbop - 88 - Fetching and parsing single offer 1/0...
INFO - 2021-05-20 11:17:15,332 - app.synchronizers.mbop - 88 - Fetching and parsing single offer 1/1...
INFO - 2021-05-20 11:18:47,814 - app.synchronizers.mbop - 69 - Starting synchronization...
INFO - 2021-05-20 11:18:47,988 - app.synchronizers.mbop - 71 - Synchronization state set to true.
INFO - 2021-05-20 11:18:49,092 - app.synchronizers.mbop - 83 - Fetching links from page 1...
INFO - 2021-05-20 11:18:57,247 - app.synchronizers.mbop - 88 - Fetching and parsing single offer 1/0...
INFO - 2021-05-20 11:19:50,583 - app.synchronizers.mbop - 69 - Starting synchronization...
INFO - 2021-05-20 11:19:50,885 - app.synchronizers.mbop - 71 - Synchronization state set to true.
INFO - 2021-05-20 11:20:02,173 - app.synchronizers.mbop - 83 - Fetching links from page 1...
INFO - 2021-05-20 11:20:04,077 - app.synchronizers.mbop - 88 - Fetching and parsing single offer 1/0...
INFO - 2021-05-20 11:34:00,801 - app.synchronizers.mbop - 83 - Starting synchronization...
INFO - 2021-05-20 11:34:00,986 - app.synchronizers.mbop - 85 - Synchronization state set to true.
INFO - 2021-05-20 11:34:02,516 - app.synchronizers.mbop - 97 - Fetching links from page 1...
INFO - 2021-05-20 11:34:11,728 - app.synchronizers.mbop - 102 - Fetching and parsing single offer 1/0...
INFO - 2021-05-20 11:34:15,299 - uvicorn.error - 38 - Application startup complete.
INFO - 2021-05-20 11:34:15,319 - uvicorn.error - 199 - Uvicorn running on http://localhost:9999 (Press CTRL+C to quit)
INFO - 2021-05-20 11:34:32,399 - app.synchronizers.mbop - 83 - Starting synchronization...
INFO - 2021-05-20 11:34:32,599 - app.synchronizers.mbop - 85 - Synchronization state set to true.
INFO - 2021-05-20 11:34:34,141 - app.synchronizers.mbop - 97 - Fetching links from page 1...
INFO - 2021-05-20 11:34:44,088 - app.synchronizers.mbop - 102 - Fetching and parsing single offer 1/0...
INFO - 2021-05-20 11:34:49,828 - uvicorn.error - 38 - Application startup complete.
INFO - 2021-05-20 11:34:49,847 - uvicorn.error - 199 - Uvicorn running on http://localhost:9999 (Press CTRL+C to quit)
INFO - 2021-05-20 11:35:00,811 - app.synchronizers.mbop - 83 - Starting synchronization...
INFO - 2021-05-20 11:35:00,955 - app.synchronizers.mbop - 85 - Synchronization state set to true.
INFO - 2021-05-20 11:35:01,969 - app.synchronizers.mbop - 97 - Fetching links from page 1...
INFO - 2021-05-20 11:35:12,848 - app.synchronizers.mbop - 102 - Fetching and parsing single offer 1/0...
INFO - 2021-05-20 11:35:38,456 - app.synchronizers.mbop - 83 - Starting synchronization...
INFO - 2021-05-20 11:35:38,824 - app.synchronizers.mbop - 85 - Synchronization state set to true.
INFO - 2021-05-20 11:35:42,111 - app.synchronizers.mbop - 97 - Fetching links from page 1...
INFO - 2021-05-20 11:37:53,157 - app.synchronizers.mbop - 83 - Starting synchronization...
INFO - 2021-05-20 11:37:53,513 - app.synchronizers.mbop - 85 - Synchronization state set to true.
INFO - 2021-05-20 11:37:56,489 - app.synchronizers.mbop - 97 - Fetching links from page 1...
INFO - 2021-05-20 11:38:22,913 - app.synchronizers.mbop - 102 - Fetching and parsing single offer 1/0...
INFO - 2021-05-20 11:39:43,335 - app.synchronizers.mbop - 83 - Starting synchronization...
INFO - 2021-05-20 11:39:43,508 - app.synchronizers.mbop - 85 - Synchronization state set to true.
INFO - 2021-05-20 11:39:44,666 - app.synchronizers.mbop - 97 - Fetching links from page 1...
INFO - 2021-05-20 11:39:52,927 - app.synchronizers.mbop - 102 - Fetching and parsing single offer 1/0...
INFO - 2021-05-20 11:41:01,263 - app.synchronizers.mbop - 84 - Starting synchronization...
INFO - 2021-05-20 11:41:01,264 - app.synchronizers.mbop - 86 - Synchronization state set to true.
INFO - 2021-05-20 11:41:01,265 - app.synchronizers.mbop - 98 - Fetching links from page 1...
INFO - 2021-05-20 11:41:02,980 - app.synchronizers.mbop - 103 - Fetching and parsing single offer 1/0...
INFO - 2021-05-20 11:41:47,207 - app.synchronizers.mbop - 84 - Starting synchronization...
INFO - 2021-05-20 11:41:47,208 - app.synchronizers.mbop - 86 - Synchronization state set to true.
INFO - 2021-05-20 11:41:47,209 - app.synchronizers.mbop - 98 - Fetching links from page 1...
INFO - 2021-05-20 11:41:48,940 - app.synchronizers.mbop - 103 - Fetching and parsing single offer 1/0...
INFO - 2021-05-20 11:45:50,592 - app.synchronizers.mbop - 84 - Starting synchronization...
INFO - 2021-05-20 11:45:51,005 - app.synchronizers.mbop - 86 - Synchronization state set to true.
INFO - 2021-05-20 11:45:56,618 - app.synchronizers.mbop - 98 - Fetching links from page 1...
INFO - 2021-05-20 11:45:58,455 - app.synchronizers.mbop - 103 - Fetching and parsing single offer 1/0...
INFO - 2021-05-20 11:47:29,978 - app.synchronizers.mbop - 84 - Starting synchronization...
INFO - 2021-05-20 11:47:29,979 - app.synchronizers.mbop - 86 - Synchronization state set to true.
INFO - 2021-05-20 11:47:29,980 - app.synchronizers.mbop - 98 - Fetching links from page 1...
INFO - 2021-05-20 11:47:31,857 - app.synchronizers.mbop - 103 - Fetching and parsing single offer 1/0...
INFO - 2021-05-20 11:50:27,336 - app.synchronizers.mbop - 84 - Starting synchronization...
INFO - 2021-05-20 11:50:27,337 - app.synchronizers.mbop - 86 - Synchronization state set to true.
INFO - 2021-05-20 11:50:27,338 - app.synchronizers.mbop - 98 - Fetching links from page 1...
INFO - 2021-05-20 11:50:29,100 - app.synchronizers.mbop - 103 - Fetching and parsing single offer 1/0...
INFO - 2021-05-20 11:56:33,388 - app.synchronizers.mbop - 84 - Starting synchronization...
INFO - 2021-05-20 11:56:33,390 - app.synchronizers.mbop - 86 - Synchronization state set to true.
INFO - 2021-05-20 11:56:33,392 - app.synchronizers.mbop - 98 - Fetching links from page 1...
INFO - 2021-05-20 11:56:35,291 - app.synchronizers.mbop - 103 - Fetching and parsing single offer 1/0...
INFO - 2021-05-20 11:58:08,838 - app.synchronizers.mbop - 84 - Starting synchronization...
INFO - 2021-05-20 11:58:08,839 - app.synchronizers.mbop - 86 - Synchronization state set to true.
INFO - 2021-05-20 11:58:08,840 - app.synchronizers.mbop - 98 - Fetching links from page 1...
INFO - 2021-05-20 11:58:10,538 - app.synchronizers.mbop - 103 - Fetching and parsing single offer 1/0...
INFO - 2021-05-20 12:01:39,137 - app.synchronizers.mbop - 85 - Starting synchronization...
INFO - 2021-05-20 12:01:39,138 - app.synchronizers.mbop - 87 - Synchronization state set to true.
INFO - 2021-05-20 12:01:39,139 - app.synchronizers.mbop - 99 - Fetching links from page 1...
INFO - 2021-05-20 12:01:41,008 - app.synchronizers.mbop - 104 - Fetching and parsing single offer 1/0...
INFO - 2021-05-20 12:04:50,468 - app.synchronizers.mbop - 86 - Starting synchronization...
INFO - 2021-05-20 12:04:50,469 - app.synchronizers.mbop - 88 - Synchronization state set to true.
INFO - 2021-05-20 12:04:50,469 - app.synchronizers.mbop - 100 - Fetching links from page 1...
INFO - 2021-05-20 12:04:52,237 - app.synchronizers.mbop - 105 - Fetching and parsing single offer 1/0...
INFO - 2021-05-20 12:04:57,094 - app.synchronizers.mbop - 105 - Fetching and parsing single offer 1/1...
INFO - 2021-05-20 12:05:13,245 - app.synchronizers.mbop - 105 - Fetching and parsing single offer 1/2...
INFO - 2021-05-20 12:05:40,139 - app.synchronizers.mbop - 105 - Fetching and parsing single offer 1/3...
INFO - 2021-05-20 12:05:41,247 - app.synchronizers.mbop - 105 - Fetching and parsing single offer 1/4...
INFO - 2021-05-20 12:05:42,346 - app.synchronizers.mbop - 105 - Fetching and parsing single offer 1/5...
INFO - 2021-05-20 12:05:43,447 - app.synchronizers.mbop - 105 - Fetching and parsing single offer 1/6...
INFO - 2021-05-20 12:05:44,550 - app.synchronizers.mbop - 105 - Fetching and parsing single offer 1/7...
INFO - 2021-05-20 12:05:45,656 - app.synchronizers.mbop - 105 - Fetching and parsing single offer 1/8...
INFO - 2021-05-20 12:05:46,755 - app.synchronizers.mbop - 105 - Fetching and parsing single offer 1/9...
INFO - 2021-05-20 12:05:55,087 - app.synchronizers.mbop - 109 - Upserting in database...
INFO - 2021-05-20 12:05:58,068 - uvicorn.error - 38 - Application startup complete.
INFO - 2021-05-20 12:05:58,254 - uvicorn.error - 199 - Uvicorn running on http://localhost:9999 (Press CTRL+C to quit)
INFO - 2021-05-20 12:07:25,685 - app.synchronizers.mbop - 111 - Done.
INFO - 2021-05-20 12:11:15,759 - app.synchronizers.mbop - 86 - Starting synchronization...
INFO - 2021-05-20 12:11:15,760 - app.synchronizers.mbop - 88 - Synchronization state set to true.
INFO - 2021-05-20 12:11:15,762 - app.synchronizers.mbop - 100 - Fetching links from page 1...
INFO - 2021-05-20 12:11:17,319 - app.synchronizers.mbop - 105 - Fetching and parsing single offer 1/0...
INFO - 2021-05-20 12:12:55,127 - app.synchronizers.mbop - 86 - Starting synchronization...
INFO - 2021-05-20 12:12:55,128 - app.synchronizers.mbop - 88 - Synchronization state set to true.
INFO - 2021-05-20 12:12:55,129 - app.synchronizers.mbop - 100 - Fetching links from page 1...
INFO - 2021-05-20 12:13:05,659 - app.synchronizers.mbop - 105 - Fetching and parsing single offer 1/0...
INFO - 2021-05-20 12:13:21,686 - app.synchronizers.mbop - 105 - Fetching and parsing single offer 1/1...
INFO - 2021-05-20 12:14:28,141 - app.synchronizers.mbop - 86 - Starting synchronization...
INFO - 2021-05-20 12:14:28,143 - app.synchronizers.mbop - 88 - Synchronization state set to true.
INFO - 2021-05-20 12:14:28,144 - app.synchronizers.mbop - 100 - Fetching links from page 1...
INFO - 2021-05-20 12:14:29,831 - app.synchronizers.mbop - 105 - Fetching and parsing single offer 1/0...
INFO - 2021-05-20 12:16:04,684 - app.synchronizers.mbop - 105 - Fetching and parsing single offer 1/1...
INFO - 2021-05-20 12:17:05,097 - app.synchronizers.mbop - 105 - Fetching and parsing single offer 1/2...
INFO - 2021-05-20 12:17:09,652 - app.synchronizers.mbop - 105 - Fetching and parsing single offer 1/3...
INFO - 2021-05-20 12:17:13,968 - app.synchronizers.mbop - 105 - Fetching and parsing single offer 1/4...
INFO - 2021-05-20 12:17:17,520 - app.synchronizers.mbop - 105 - Fetching and parsing single offer 1/5...
INFO - 2021-05-20 12:17:21,074 - app.synchronizers.mbop - 105 - Fetching and parsing single offer 1/6...
INFO - 2021-05-20 12:17:24,674 - app.synchronizers.mbop - 105 - Fetching and parsing single offer 1/7...
INFO - 2021-05-20 12:17:28,301 - app.synchronizers.mbop - 105 - Fetching and parsing single offer 1/8...
INFO - 2021-05-20 12:17:31,905 - app.synchronizers.mbop - 105 - Fetching and parsing single offer 1/9...
INFO - 2021-05-20 12:17:48,475 - app.synchronizers.mbop - 109 - Upserting in database...
INFO - 2021-05-20 12:17:49,911 - uvicorn.error - 38 - Application startup complete.
INFO - 2021-05-20 12:17:49,966 - uvicorn.error - 199 - Uvicorn running on http://localhost:9999 (Press CTRL+C to quit)
INFO - 2021-05-20 12:18:15,575 - app.synchronizers.mbop - 111 - Done.
INFO - 2021-05-20 12:19:19,592 - app.synchronizers.mbop - 86 - Starting synchronization...
INFO - 2021-05-20 12:19:19,593 - app.synchronizers.mbop - 88 - Synchronization state set to true.
INFO - 2021-05-20 12:19:19,594 - app.synchronizers.mbop - 100 - Fetching links from page 1...
INFO - 2021-05-20 12:19:21,386 - app.synchronizers.mbop - 105 - Fetching and parsing single offer 1/0...
INFO - 2021-05-20 12:19:22,474 - app.synchronizers.mbop - 105 - Fetching and parsing single offer 1/1...
INFO - 2021-05-20 12:19:23,574 - app.synchronizers.mbop - 105 - Fetching and parsing single offer 1/2...
INFO - 2021-05-20 12:19:24,661 - app.synchronizers.mbop - 105 - Fetching and parsing single offer 1/3...
INFO - 2021-05-20 12:19:25,759 - app.synchronizers.mbop - 105 - Fetching and parsing single offer 1/4...
INFO - 2021-05-20 12:19:26,859 - app.synchronizers.mbop - 105 - Fetching and parsing single offer 1/5...
INFO - 2021-05-20 12:19:27,952 - app.synchronizers.mbop - 105 - Fetching and parsing single offer 1/6...
INFO - 2021-05-20 12:19:29,055 - app.synchronizers.mbop - 105 - Fetching and parsing single offer 1/7...
INFO - 2021-05-20 12:19:30,165 - app.synchronizers.mbop - 105 - Fetching and parsing single offer 1/8...
INFO - 2021-05-20 12:19:31,257 - app.synchronizers.mbop - 105 - Fetching and parsing single offer 1/9...
INFO - 2021-05-20 12:19:36,445 - app.synchronizers.mbop - 109 - Upserting in database...
INFO - 2021-05-20 12:19:38,386 - uvicorn.error - 38 - Application startup complete.
INFO - 2021-05-20 12:19:38,414 - uvicorn.error - 199 - Uvicorn running on http://localhost:9999 (Press CTRL+C to quit)
ERROR - 2021-05-20 12:37:50,827 - asyncio - 1707 - Task exception was never retrieved
future: <Task finished name='Task-3' coro=<repeat_every.<locals>.decorator.<locals>.wrapped.<locals>.loop() done, defined at C:\Users\Maciej\PycharmProjects\teaching_vacancy\venv\lib\site-packages\fastapi_utils\tasks.py:57> exception=NotImplementedError()>
Traceback (most recent call last):
  File "C:\Users\Maciej\PycharmProjects\teaching_vacancy\venv\lib\site-packages\fastapi_utils\tasks.py", line 73, in loop
    raise exc
  File "C:\Users\Maciej\PycharmProjects\teaching_vacancy\venv\lib\site-packages\fastapi_utils\tasks.py", line 64, in loop
    await func()  # type: ignore
  File "C:\Users\Maciej\PycharmProjects\teaching_vacancy\app\main.py", line 40, in synchronize_with_mbop_task
    await mbop_synchronizer.synchronize()
  File "C:\Users\Maciej\PycharmProjects\teaching_vacancy\app\synchronizers\mbop.py", line 81, in synchronize
    raise NotImplementedError
NotImplementedError
INFO - 2021-05-20 12:37:50,851 - uvicorn.error - 38 - Application startup complete.
INFO - 2021-05-20 12:37:50,902 - uvicorn.error - 199 - Uvicorn running on http://localhost:9999 (Press CTRL+C to quit)
INFO - 2021-05-20 17:20:53,184 - app.synchronizers.mbop - 89 - Starting synchronization...
INFO - 2021-05-20 17:20:53,185 - app.synchronizers.mbop - 91 - Synchronization state set to true.
INFO - 2021-05-20 17:20:53,185 - app.synchronizers.mbop - 103 - Fetching links from page 1...
INFO - 2021-05-20 17:20:55,068 - app.synchronizers.mbop - 108 - Fetching and parsing single offer 1/0...
INFO - 2021-05-20 17:20:56,132 - app.synchronizers.mbop - 108 - Fetching and parsing single offer 1/1...
INFO - 2021-05-20 17:20:57,198 - app.synchronizers.mbop - 108 - Fetching and parsing single offer 1/2...
INFO - 2021-05-20 17:20:58,266 - app.synchronizers.mbop - 108 - Fetching and parsing single offer 1/3...
INFO - 2021-05-20 17:20:59,329 - app.synchronizers.mbop - 108 - Fetching and parsing single offer 1/4...
INFO - 2021-05-20 17:21:00,434 - app.synchronizers.mbop - 108 - Fetching and parsing single offer 1/5...
INFO - 2021-05-20 17:21:01,549 - app.synchronizers.mbop - 108 - Fetching and parsing single offer 1/6...
INFO - 2021-05-20 17:21:02,615 - app.synchronizers.mbop - 108 - Fetching and parsing single offer 1/7...
INFO - 2021-05-20 17:21:03,723 - app.synchronizers.mbop - 108 - Fetching and parsing single offer 1/8...
INFO - 2021-05-20 17:21:04,809 - app.synchronizers.mbop - 108 - Fetching and parsing single offer 1/9...
INFO - 2021-05-20 17:21:05,877 - app.synchronizers.mbop - 112 - Upserting in database...
INFO - 2021-05-20 17:21:05,880 - uvicorn.error - 38 - Application startup complete.
INFO - 2021-05-20 17:21:06,350 - uvicorn.error - 199 - Uvicorn running on http://localhost:9999 (Press CTRL+C to quit)
INFO - 2021-05-20 17:21:06,701 - app.synchronizers.mbop - 114 - Done.
INFO - 2021-05-20 17:21:06,701 - app.synchronizers.mbop - 103 - Fetching links from page 2...
INFO - 2021-05-20 17:21:07,778 - app.synchronizers.mbop - 120 - Fetching and parsing single offer 2/0...
INFO - 2021-05-20 17:21:08,837 - app.synchronizers.mbop - 120 - Fetching and parsing single offer 2/1...
INFO - 2021-05-20 17:21:09,896 - app.synchronizers.mbop - 120 - Fetching and parsing single offer 2/2...
INFO - 2021-05-20 17:21:10,960 - app.synchronizers.mbop - 120 - Fetching and parsing single offer 2/3...
INFO - 2021-05-20 17:21:12,023 - app.synchronizers.mbop - 120 - Fetching and parsing single offer 2/4...
INFO - 2021-05-20 17:21:13,091 - app.synchronizers.mbop - 120 - Fetching and parsing single offer 2/5...
INFO - 2021-05-20 17:21:14,156 - app.synchronizers.mbop - 120 - Fetching and parsing single offer 2/6...
INFO - 2021-05-20 17:21:15,217 - app.synchronizers.mbop - 120 - Fetching and parsing single offer 2/7...
INFO - 2021-05-20 17:21:16,268 - app.synchronizers.mbop - 120 - Fetching and parsing single offer 2/8...
INFO - 2021-05-20 17:21:17,330 - app.synchronizers.mbop - 120 - Fetching and parsing single offer 2/9...
INFO - 2021-05-20 17:21:18,390 - app.synchronizers.mbop - 123 - Upserting in database...
INFO - 2021-05-20 17:21:18,429 - app.synchronizers.mbop - 125 - Done.
INFO - 2021-05-20 17:21:18,429 - app.synchronizers.mbop - 103 - Fetching links from page 3...
INFO - 2021-05-20 17:21:19,492 - app.synchronizers.mbop - 120 - Fetching and parsing single offer 3/0...
INFO - 2021-05-20 17:21:20,549 - app.synchronizers.mbop - 120 - Fetching and parsing single offer 3/1...
INFO - 2021-05-20 17:21:21,625 - app.synchronizers.mbop - 120 - Fetching and parsing single offer 3/2...
INFO - 2021-05-20 17:21:22,687 - app.synchronizers.mbop - 120 - Fetching and parsing single offer 3/3...
INFO - 2021-05-20 17:21:23,782 - app.synchronizers.mbop - 120 - Fetching and parsing single offer 3/4...
INFO - 2021-05-20 17:21:24,847 - app.synchronizers.mbop - 120 - Fetching and parsing single offer 3/5...
INFO - 2021-05-20 17:21:25,905 - app.synchronizers.mbop - 120 - Fetching and parsing single offer 3/6...
INFO - 2021-05-20 17:21:26,980 - app.synchronizers.mbop - 120 - Fetching and parsing single offer 3/7...
INFO - 2021-05-20 17:21:28,043 - app.synchronizers.mbop - 120 - Fetching and parsing single offer 3/8...
INFO - 2021-05-20 17:21:29,103 - app.synchronizers.mbop - 120 - Fetching and parsing single offer 3/9...
INFO - 2021-05-20 17:21:30,203 - app.synchronizers.mbop - 123 - Upserting in database...
INFO - 2021-05-20 17:21:30,243 - app.synchronizers.mbop - 125 - Done.
INFO - 2021-05-20 17:21:30,243 - app.synchronizers.mbop - 103 - Fetching links from page 4...
INFO - 2021-05-20 17:21:31,297 - app.synchronizers.mbop - 120 - Fetching and parsing single offer 4/0...
INFO - 2021-05-20 17:21:32,358 - app.synchronizers.mbop - 120 - Fetching and parsing single offer 4/1...
INFO - 2021-05-20 17:21:33,418 - app.synchronizers.mbop - 120 - Fetching and parsing single offer 4/2...
INFO - 2021-05-20 17:21:34,477 - app.synchronizers.mbop - 120 - Fetching and parsing single offer 4/3...
INFO - 2021-05-20 17:21:35,535 - app.synchronizers.mbop - 120 - Fetching and parsing single offer 4/4...
INFO - 2021-05-20 17:21:36,597 - app.synchronizers.mbop - 120 - Fetching and parsing single offer 4/5...
INFO - 2021-05-20 17:21:37,645 - app.synchronizers.mbop - 120 - Fetching and parsing single offer 4/6...
INFO - 2021-05-20 17:21:38,703 - app.synchronizers.mbop - 120 - Fetching and parsing single offer 4/7...
INFO - 2021-05-20 17:21:39,758 - app.synchronizers.mbop - 120 - Fetching and parsing single offer 4/8...
INFO - 2021-05-20 17:21:40,815 - app.synchronizers.mbop - 120 - Fetching and parsing single offer 4/9...
INFO - 2021-05-20 17:21:41,872 - app.synchronizers.mbop - 123 - Upserting in database...
INFO - 2021-05-20 17:21:41,911 - app.synchronizers.mbop - 125 - Done.
INFO - 2021-05-20 17:21:41,911 - app.synchronizers.mbop - 103 - Fetching links from page 5...
INFO - 2021-05-20 17:21:42,973 - app.synchronizers.mbop - 120 - Fetching and parsing single offer 5/0...
INFO - 2021-05-20 17:21:44,031 - app.synchronizers.mbop - 120 - Fetching and parsing single offer 5/1...
INFO - 2021-05-20 17:21:45,093 - app.synchronizers.mbop - 120 - Fetching and parsing single offer 5/2...
INFO - 2021-05-20 17:21:46,150 - app.synchronizers.mbop - 120 - Fetching and parsing single offer 5/3...
INFO - 2021-05-20 17:21:47,212 - app.synchronizers.mbop - 120 - Fetching and parsing single offer 5/4...
INFO - 2021-05-20 17:21:48,269 - app.synchronizers.mbop - 120 - Fetching and parsing single offer 5/5...
INFO - 2021-05-20 17:21:49,341 - app.synchronizers.mbop - 120 - Fetching and parsing single offer 5/6...
INFO - 2021-05-20 17:21:50,393 - app.synchronizers.mbop - 120 - Fetching and parsing single offer 5/7...
INFO - 2021-05-20 17:21:51,452 - app.synchronizers.mbop - 120 - Fetching and parsing single offer 5/8...
INFO - 2021-05-20 17:21:52,509 - app.synchronizers.mbop - 120 - Fetching and parsing single offer 5/9...
INFO - 2021-05-20 17:21:53,573 - app.synchronizers.mbop - 123 - Upserting in database...
INFO - 2021-05-20 17:21:53,611 - app.synchronizers.mbop - 125 - Done.
INFO - 2021-05-20 22:46:18,201 - uvicorn.error - 38 - Application startup complete.
INFO - 2021-05-20 22:46:18,209 - uvicorn.error - 199 - Uvicorn running on http://localhost:9999 (Press CTRL+C to quit)
INFO - 2021-05-20 22:46:29,247 - uvicorn.access - 461 - ::1:52400 - "GET / HTTP/1.1" 200
INFO - 2021-05-20 22:47:09,043 - uvicorn.access - 461 - ::1:52405 - "GET /docs HTTP/1.1" 200
INFO - 2021-05-20 22:47:09,548 - uvicorn.access - 461 - ::1:52405 - "GET /openapi.json HTTP/1.1" 200
INFO - 2021-05-20 22:49:42,204 - uvicorn.error - 38 - Application startup complete.
INFO - 2021-05-20 22:49:42,214 - uvicorn.error - 199 - Uvicorn running on http://localhost:9999 (Press CTRL+C to quit)
INFO - 2021-05-20 22:49:50,909 - uvicorn.access - 461 - ::1:52443 - "GET /docs HTTP/1.1" 200
INFO - 2021-05-20 22:49:51,508 - uvicorn.access - 461 - ::1:52443 - "GET /openapi.json HTTP/1.1" 200
INFO - 2021-05-20 22:50:05,542 - uvicorn.access - 461 - ::1:52446 - "POST /api/users/ HTTP/1.1" 200
INFO - 2021-05-20 23:51:50,270 - uvicorn.error - 38 - Application startup complete.
INFO - 2021-05-20 23:51:50,282 - uvicorn.error - 199 - Uvicorn running on http://localhost:9999 (Press CTRL+C to quit)
INFO - 2021-05-20 23:51:58,927 - uvicorn.access - 461 - ::1:52766 - "GET / HTTP/1.1" 200
INFO - 2021-05-20 23:52:04,240 - uvicorn.access - 461 - ::1:52767 - "GET /docs HTTP/1.1" 200
INFO - 2021-05-20 23:52:04,489 - uvicorn.access - 461 - ::1:52767 - "GET /openapi.json HTTP/1.1" 200
INFO - 2021-05-20 23:52:21,378 - uvicorn.access - 461 - ::1:52768 - "GET /api/offers/ HTTP/1.1" 500
ERROR - 2021-05-20 23:52:21,381 - uvicorn.error - 399 - Exception in ASGI application
Traceback (most recent call last):
  File "C:\Users\Maciej\PycharmProjects\teaching_vacancy\venv\lib\site-packages\uvicorn\protocols\http\h11_impl.py", line 396, in run_asgi
    result = await app(self.scope, self.receive, self.send)
  File "C:\Users\Maciej\PycharmProjects\teaching_vacancy\venv\lib\site-packages\uvicorn\middleware\proxy_headers.py", line 45, in __call__
    return await self.app(scope, receive, send)
  File "C:\Users\Maciej\PycharmProjects\teaching_vacancy\venv\lib\site-packages\uvicorn\middleware\message_logger.py", line 65, in __call__
    raise exc from None
  File "C:\Users\Maciej\PycharmProjects\teaching_vacancy\venv\lib\site-packages\uvicorn\middleware\message_logger.py", line 61, in __call__
    await self.app(scope, inner_receive, inner_send)
  File "C:\Users\Maciej\PycharmProjects\teaching_vacancy\venv\lib\site-packages\fastapi\applications.py", line 199, in __call__
    await super().__call__(scope, receive, send)
  File "C:\Users\Maciej\PycharmProjects\teaching_vacancy\venv\lib\site-packages\starlette\applications.py", line 111, in __call__
    await self.middleware_stack(scope, receive, send)
  File "C:\Users\Maciej\PycharmProjects\teaching_vacancy\venv\lib\site-packages\starlette\middleware\errors.py", line 181, in __call__
    raise exc from None
  File "C:\Users\Maciej\PycharmProjects\teaching_vacancy\venv\lib\site-packages\starlette\middleware\errors.py", line 159, in __call__
    await self.app(scope, receive, _send)
  File "C:\Users\Maciej\PycharmProjects\teaching_vacancy\venv\lib\site-packages\starlette\exceptions.py", line 82, in __call__
    raise exc from None
  File "C:\Users\Maciej\PycharmProjects\teaching_vacancy\venv\lib\site-packages\starlette\exceptions.py", line 71, in __call__
    await self.app(scope, receive, sender)
  File "C:\Users\Maciej\PycharmProjects\teaching_vacancy\venv\lib\site-packages\starlette\routing.py", line 566, in __call__
    await route.handle(scope, receive, send)
  File "C:\Users\Maciej\PycharmProjects\teaching_vacancy\venv\lib\site-packages\starlette\routing.py", line 227, in handle
    await self.app(scope, receive, send)
  File "C:\Users\Maciej\PycharmProjects\teaching_vacancy\venv\lib\site-packages\starlette\routing.py", line 41, in app
    response = await func(request)
  File "C:\Users\Maciej\PycharmProjects\teaching_vacancy\venv\lib\site-packages\fastapi\routing.py", line 209, in app
    response_data = await serialize_response(
  File "C:\Users\Maciej\PycharmProjects\teaching_vacancy\venv\lib\site-packages\fastapi\routing.py", line 126, in serialize_response
    raise ValidationError(errors, field.type_)
pydantic.error_wrappers.ValidationError: 15 validation errors for OfferBase
response -> ext_id
  field required (type=value_error.missing)
response -> type
  field required (type=value_error.missing)
response -> administration
  field required (type=value_error.missing)
response -> name
  field required (type=value_error.missing)
response -> city
  field required (type=value_error.missing)
response -> street
  field required (type=value_error.missing)
response -> house_number
  field required (type=value_error.missing)
response -> postal_code
  field required (type=value_error.missing)
response -> phone_number
  field required (type=value_error.missing)
response -> email
  field required (type=value_error.missing)
response -> subject
  field required (type=value_error.missing)
response -> time
  field required (type=value_error.missing)
response -> type_of_employment
  field required (type=value_error.missing)
response -> date_added
  field required (type=value_error.missing)
response -> date_of_expiration
  field required (type=value_error.missing)
INFO - 2021-05-20 23:53:20,449 - uvicorn.error - 38 - Application startup complete.
INFO - 2021-05-20 23:53:20,457 - uvicorn.error - 199 - Uvicorn running on http://localhost:9999 (Press CTRL+C to quit)
INFO - 2021-05-20 23:53:23,569 - uvicorn.access - 461 - ::1:52799 - "GET /docs HTTP/1.1" 200
INFO - 2021-05-20 23:53:23,960 - uvicorn.access - 461 - ::1:52799 - "GET /openapi.json HTTP/1.1" 200
INFO - 2021-05-20 23:53:28,621 - uvicorn.access - 461 - ::1:52799 - "GET /api/offers/ HTTP/1.1" 500
ERROR - 2021-05-20 23:53:28,621 - uvicorn.error - 399 - Exception in ASGI application
Traceback (most recent call last):
  File "C:\Users\Maciej\PycharmProjects\teaching_vacancy\venv\lib\site-packages\uvicorn\protocols\http\h11_impl.py", line 396, in run_asgi
    result = await app(self.scope, self.receive, self.send)
  File "C:\Users\Maciej\PycharmProjects\teaching_vacancy\venv\lib\site-packages\uvicorn\middleware\proxy_headers.py", line 45, in __call__
    return await self.app(scope, receive, send)
  File "C:\Users\Maciej\PycharmProjects\teaching_vacancy\venv\lib\site-packages\uvicorn\middleware\message_logger.py", line 65, in __call__
    raise exc from None
  File "C:\Users\Maciej\PycharmProjects\teaching_vacancy\venv\lib\site-packages\uvicorn\middleware\message_logger.py", line 61, in __call__
    await self.app(scope, inner_receive, inner_send)
  File "C:\Users\Maciej\PycharmProjects\teaching_vacancy\venv\lib\site-packages\fastapi\applications.py", line 199, in __call__
    await super().__call__(scope, receive, send)
  File "C:\Users\Maciej\PycharmProjects\teaching_vacancy\venv\lib\site-packages\starlette\applications.py", line 111, in __call__
    await self.middleware_stack(scope, receive, send)
  File "C:\Users\Maciej\PycharmProjects\teaching_vacancy\venv\lib\site-packages\starlette\middleware\errors.py", line 181, in __call__
    raise exc from None
  File "C:\Users\Maciej\PycharmProjects\teaching_vacancy\venv\lib\site-packages\starlette\middleware\errors.py", line 159, in __call__
    await self.app(scope, receive, _send)
  File "C:\Users\Maciej\PycharmProjects\teaching_vacancy\venv\lib\site-packages\starlette\exceptions.py", line 82, in __call__
    raise exc from None
  File "C:\Users\Maciej\PycharmProjects\teaching_vacancy\venv\lib\site-packages\starlette\exceptions.py", line 71, in __call__
    await self.app(scope, receive, sender)
  File "C:\Users\Maciej\PycharmProjects\teaching_vacancy\venv\lib\site-packages\starlette\routing.py", line 566, in __call__
    await route.handle(scope, receive, send)
  File "C:\Users\Maciej\PycharmProjects\teaching_vacancy\venv\lib\site-packages\starlette\routing.py", line 227, in handle
    await self.app(scope, receive, send)
  File "C:\Users\Maciej\PycharmProjects\teaching_vacancy\venv\lib\site-packages\starlette\routing.py", line 41, in app
    response = await func(request)
  File "C:\Users\Maciej\PycharmProjects\teaching_vacancy\venv\lib\site-packages\fastapi\routing.py", line 209, in app
    response_data = await serialize_response(
  File "C:\Users\Maciej\PycharmProjects\teaching_vacancy\venv\lib\site-packages\fastapi\routing.py", line 126, in serialize_response
    raise ValidationError(errors, field.type_)
pydantic.error_wrappers.ValidationError: 15 validation errors for OfferBase
response -> ext_id
  field required (type=value_error.missing)
response -> type
  field required (type=value_error.missing)
response -> administration
  field required (type=value_error.missing)
response -> name
  field required (type=value_error.missing)
response -> city
  field required (type=value_error.missing)
response -> street
  field required (type=value_error.missing)
response -> house_number
  field required (type=value_error.missing)
response -> postal_code
  field required (type=value_error.missing)
response -> phone_number
  field required (type=value_error.missing)
response -> email
  field required (type=value_error.missing)
response -> subject
  field required (type=value_error.missing)
response -> time
  field required (type=value_error.missing)
response -> type_of_employment
  field required (type=value_error.missing)
response -> date_added
  field required (type=value_error.missing)
response -> date_of_expiration
  field required (type=value_error.missing)
INFO - 2021-05-21 00:05:12,221 - uvicorn.error - 38 - Application startup complete.
INFO - 2021-05-21 00:05:12,226 - uvicorn.error - 199 - Uvicorn running on http://localhost:9999 (Press CTRL+C to quit)
INFO - 2021-05-21 00:05:16,850 - uvicorn.access - 461 - ::1:52880 - "GET /docs HTTP/1.1" 200
INFO - 2021-05-21 00:05:17,357 - uvicorn.access - 461 - ::1:52880 - "GET /openapi.json HTTP/1.1" 200
INFO - 2021-05-21 00:05:24,944 - uvicorn.access - 461 - ::1:52882 - "GET /api/offers/ HTTP/1.1" 200
INFO - 2021-05-21 00:10:15,584 - uvicorn.error - 38 - Application startup complete.
INFO - 2021-05-21 00:10:15,605 - uvicorn.error - 199 - Uvicorn running on http://localhost:9999 (Press CTRL+C to quit)
INFO - 2021-05-21 00:10:18,772 - uvicorn.access - 461 - ::1:52939 - "GET /docs HTTP/1.1" 200
INFO - 2021-05-21 00:10:19,217 - uvicorn.access - 461 - ::1:52939 - "GET /openapi.json HTTP/1.1" 200
INFO - 2021-05-21 00:10:25,301 - uvicorn.access - 461 - ::1:52941 - "GET /api/offers/ HTTP/1.1" 200
INFO - 2021-05-21 00:14:09,025 - uvicorn.error - 38 - Application startup complete.
INFO - 2021-05-21 00:14:09,062 - uvicorn.error - 199 - Uvicorn running on http://localhost:9999 (Press CTRL+C to quit)
INFO - 2021-05-21 00:14:13,060 - uvicorn.access - 461 - ::1:52989 - "GET /docs HTTP/1.1" 200
INFO - 2021-05-21 00:14:13,443 - uvicorn.access - 461 - ::1:52989 - "GET /openapi.json HTTP/1.1" 200
INFO - 2021-05-21 00:15:01,314 - uvicorn.error - 38 - Application startup complete.
INFO - 2021-05-21 00:15:01,325 - uvicorn.error - 199 - Uvicorn running on http://localhost:9999 (Press CTRL+C to quit)
INFO - 2021-05-21 00:15:06,267 - uvicorn.access - 461 - ::1:53012 - "GET /docs HTTP/1.1" 200
INFO - 2021-05-21 00:15:06,769 - uvicorn.access - 461 - ::1:53012 - "GET /openapi.json HTTP/1.1" 200
INFO - 2021-05-21 00:15:18,009 - uvicorn.access - 461 - ::1:53013 - "GET /api/offers/ HTTP/1.1" 500
ERROR - 2021-05-21 00:15:18,010 - uvicorn.error - 399 - Exception in ASGI application
Traceback (most recent call last):
  File "C:\Users\Maciej\PycharmProjects\teaching_vacancy\venv\lib\site-packages\uvicorn\protocols\http\h11_impl.py", line 396, in run_asgi
    result = await app(self.scope, self.receive, self.send)
  File "C:\Users\Maciej\PycharmProjects\teaching_vacancy\venv\lib\site-packages\uvicorn\middleware\proxy_headers.py", line 45, in __call__
    return await self.app(scope, receive, send)
  File "C:\Users\Maciej\PycharmProjects\teaching_vacancy\venv\lib\site-packages\uvicorn\middleware\message_logger.py", line 65, in __call__
    raise exc from None
  File "C:\Users\Maciej\PycharmProjects\teaching_vacancy\venv\lib\site-packages\uvicorn\middleware\message_logger.py", line 61, in __call__
    await self.app(scope, inner_receive, inner_send)
  File "C:\Users\Maciej\PycharmProjects\teaching_vacancy\venv\lib\site-packages\fastapi\applications.py", line 199, in __call__
    await super().__call__(scope, receive, send)
  File "C:\Users\Maciej\PycharmProjects\teaching_vacancy\venv\lib\site-packages\starlette\applications.py", line 111, in __call__
    await self.middleware_stack(scope, receive, send)
  File "C:\Users\Maciej\PycharmProjects\teaching_vacancy\venv\lib\site-packages\starlette\middleware\errors.py", line 181, in __call__
    raise exc from None
  File "C:\Users\Maciej\PycharmProjects\teaching_vacancy\venv\lib\site-packages\starlette\middleware\errors.py", line 159, in __call__
    await self.app(scope, receive, _send)
  File "C:\Users\Maciej\PycharmProjects\teaching_vacancy\venv\lib\site-packages\starlette\exceptions.py", line 82, in __call__
    raise exc from None
  File "C:\Users\Maciej\PycharmProjects\teaching_vacancy\venv\lib\site-packages\starlette\exceptions.py", line 71, in __call__
    await self.app(scope, receive, sender)
  File "C:\Users\Maciej\PycharmProjects\teaching_vacancy\venv\lib\site-packages\starlette\routing.py", line 566, in __call__
    await route.handle(scope, receive, send)
  File "C:\Users\Maciej\PycharmProjects\teaching_vacancy\venv\lib\site-packages\starlette\routing.py", line 227, in handle
    await self.app(scope, receive, send)
  File "C:\Users\Maciej\PycharmProjects\teaching_vacancy\venv\lib\site-packages\starlette\routing.py", line 41, in app
    response = await func(request)
  File "C:\Users\Maciej\PycharmProjects\teaching_vacancy\venv\lib\site-packages\fastapi\routing.py", line 201, in app
    raw_response = await run_endpoint_function(
  File "C:\Users\Maciej\PycharmProjects\teaching_vacancy\venv\lib\site-packages\fastapi\routing.py", line 148, in run_endpoint_function
    return await dependant.call(**values)
  File "C:\Users\Maciej\PycharmProjects\teaching_vacancy\app\routers\offers.py", line 22, in get_offers
    return [OfferOut.from_mongo(offer) for offer in result]
  File "C:\Users\Maciej\PycharmProjects\teaching_vacancy\app\routers\offers.py", line 22, in <listcomp>
    return [OfferOut.from_mongo(offer) for offer in result]
  File "C:\Users\Maciej\PycharmProjects\teaching_vacancy\app\models\offers.py", line 19, in from_mongo
    return cls(**dict(data, id=id))
  File "pydantic\main.py", line 400, in pydantic.main.BaseModel.__init__
pydantic.error_wrappers.ValidationError: 1 validation error for OfferOut
id
  str type expected (type=type_error.str)
INFO - 2021-05-21 00:20:48,118 - uvicorn.error - 38 - Application startup complete.
INFO - 2021-05-21 00:20:48,122 - uvicorn.error - 199 - Uvicorn running on http://localhost:9999 (Press CTRL+C to quit)
INFO - 2021-05-21 00:20:51,463 - uvicorn.access - 461 - ::1:53070 - "GET /docs HTTP/1.1" 200
INFO - 2021-05-21 00:20:51,824 - uvicorn.access - 461 - ::1:53070 - "GET /openapi.json HTTP/1.1" 200
INFO - 2021-05-21 00:20:54,789 - uvicorn.access - 461 - ::1:53070 - "GET /api/offers/ HTTP/1.1" 200
INFO - 2021-05-21 00:25:08,956 - uvicorn.error - 38 - Application startup complete.
INFO - 2021-05-21 00:25:08,962 - uvicorn.error - 199 - Uvicorn running on http://localhost:9999 (Press CTRL+C to quit)
INFO - 2021-05-21 00:25:11,613 - uvicorn.access - 461 - ::1:53115 - "GET /docs HTTP/1.1" 200
INFO - 2021-05-21 00:25:11,987 - uvicorn.access - 461 - ::1:53115 - "GET /openapi.json HTTP/1.1" 200
INFO - 2021-05-21 00:26:29,079 - uvicorn.error - 38 - Application startup complete.
INFO - 2021-05-21 00:26:29,092 - uvicorn.error - 199 - Uvicorn running on http://localhost:9999 (Press CTRL+C to quit)
INFO - 2021-05-21 00:26:33,697 - uvicorn.access - 461 - ::1:53142 - "GET /docs HTTP/1.1" 200
INFO - 2021-05-21 00:26:34,256 - uvicorn.access - 461 - ::1:53142 - "GET /openapi.json HTTP/1.1" 200
INFO - 2021-05-21 00:29:14,671 - uvicorn.error - 38 - Application startup complete.
INFO - 2021-05-21 00:29:14,676 - uvicorn.error - 199 - Uvicorn running on http://localhost:9999 (Press CTRL+C to quit)
INFO - 2021-05-21 00:29:17,973 - uvicorn.access - 461 - ::1:53175 - "GET /docs HTTP/1.1" 200
INFO - 2021-05-21 00:29:18,265 - uvicorn.access - 461 - ::1:53175 - "GET /openapi.json HTTP/1.1" 200
INFO - 2021-05-21 00:33:50,355 - uvicorn.error - 38 - Application startup complete.
INFO - 2021-05-21 00:33:50,418 - uvicorn.error - 199 - Uvicorn running on http://localhost:9999 (Press CTRL+C to quit)
INFO - 2021-05-21 00:33:53,916 - uvicorn.access - 461 - ::1:53225 - "GET /docs HTTP/1.1" 200
INFO - 2021-05-21 00:33:54,394 - uvicorn.access - 461 - ::1:53225 - "GET /openapi.json HTTP/1.1" 200
INFO - 2021-05-21 00:34:11,085 - uvicorn.access - 461 - ::1:53227 - "GET /api/offers?limit=20 HTTP/1.1" 200
INFO - 2021-05-21 00:34:37,071 - uvicorn.access - 461 - ::1:53238 - "GET /api/offers?subject=matematyka&limit=20 HTTP/1.1" 200
INFO - 2021-05-21 22:42:33,000 - app.synchronizers.mbop - 89 - Starting synchronization...
INFO - 2021-05-21 22:42:33,001 - app.synchronizers.mbop - 91 - Synchronization state set to true.
INFO - 2021-05-21 22:42:33,002 - app.synchronizers.mbop - 103 - Fetching links from page 1...
INFO - 2021-05-21 22:42:34,816 - app.synchronizers.mbop - 108 - Fetching and parsing single offer 1/0...
INFO - 2021-05-21 22:42:35,906 - app.synchronizers.mbop - 108 - Fetching and parsing single offer 1/1...
INFO - 2021-05-21 22:42:36,992 - app.synchronizers.mbop - 108 - Fetching and parsing single offer 1/2...
INFO - 2021-05-21 22:42:38,084 - app.synchronizers.mbop - 108 - Fetching and parsing single offer 1/3...
INFO - 2021-05-21 22:42:39,190 - app.synchronizers.mbop - 108 - Fetching and parsing single offer 1/4...
INFO - 2021-05-21 22:42:40,290 - app.synchronizers.mbop - 108 - Fetching and parsing single offer 1/5...
INFO - 2021-05-21 22:42:41,388 - app.synchronizers.mbop - 108 - Fetching and parsing single offer 1/6...
INFO - 2021-05-21 22:42:42,483 - app.synchronizers.mbop - 108 - Fetching and parsing single offer 1/7...
INFO - 2021-05-21 22:42:43,572 - app.synchronizers.mbop - 108 - Fetching and parsing single offer 1/8...
INFO - 2021-05-21 22:42:44,666 - app.synchronizers.mbop - 108 - Fetching and parsing single offer 1/9...
INFO - 2021-05-21 22:42:45,763 - app.synchronizers.mbop - 112 - Upserting in database...
INFO - 2021-05-21 22:42:45,767 - uvicorn.error - 38 - Application startup complete.
INFO - 2021-05-21 22:42:45,815 - uvicorn.error - 199 - Uvicorn running on http://localhost:9999 (Press CTRL+C to quit)
INFO - 2021-05-21 22:42:46,593 - app.synchronizers.mbop - 114 - Done.
INFO - 2021-05-21 22:42:46,594 - app.synchronizers.mbop - 103 - Fetching links from page 2...
INFO - 2021-05-21 22:42:47,670 - app.synchronizers.mbop - 120 - Fetching and parsing single offer 2/0...
INFO - 2021-05-21 22:42:48,752 - app.synchronizers.mbop - 120 - Fetching and parsing single offer 2/1...
INFO - 2021-05-21 22:42:49,875 - app.synchronizers.mbop - 120 - Fetching and parsing single offer 2/2...
INFO - 2021-05-21 22:42:50,963 - app.synchronizers.mbop - 120 - Fetching and parsing single offer 2/3...
INFO - 2021-05-21 22:42:52,050 - app.synchronizers.mbop - 120 - Fetching and parsing single offer 2/4...
INFO - 2021-05-21 22:42:53,144 - app.synchronizers.mbop - 120 - Fetching and parsing single offer 2/5...
INFO - 2021-05-21 22:42:54,234 - app.synchronizers.mbop - 120 - Fetching and parsing single offer 2/6...
INFO - 2021-05-21 22:42:55,327 - app.synchronizers.mbop - 120 - Fetching and parsing single offer 2/7...
INFO - 2021-05-21 22:42:56,419 - app.synchronizers.mbop - 120 - Fetching and parsing single offer 2/8...
INFO - 2021-05-21 22:42:57,506 - app.synchronizers.mbop - 120 - Fetching and parsing single offer 2/9...
INFO - 2021-05-21 22:42:58,596 - app.synchronizers.mbop - 123 - Upserting in database...
INFO - 2021-05-21 22:42:58,642 - app.synchronizers.mbop - 125 - Done.
INFO - 2021-05-21 22:42:58,643 - app.synchronizers.mbop - 103 - Fetching links from page 3...
INFO - 2021-05-21 22:42:59,725 - app.synchronizers.mbop - 120 - Fetching and parsing single offer 3/0...
INFO - 2021-05-21 22:43:00,828 - app.synchronizers.mbop - 120 - Fetching and parsing single offer 3/1...
INFO - 2021-05-21 22:43:01,911 - app.synchronizers.mbop - 120 - Fetching and parsing single offer 3/2...
INFO - 2021-05-21 22:43:02,994 - app.synchronizers.mbop - 120 - Fetching and parsing single offer 3/3...
INFO - 2021-05-21 22:43:04,083 - app.synchronizers.mbop - 120 - Fetching and parsing single offer 3/4...
INFO - 2021-05-21 22:43:05,174 - app.synchronizers.mbop - 120 - Fetching and parsing single offer 3/5...
INFO - 2021-05-21 22:43:06,265 - app.synchronizers.mbop - 120 - Fetching and parsing single offer 3/6...
INFO - 2021-05-21 22:43:07,354 - app.synchronizers.mbop - 120 - Fetching and parsing single offer 3/7...
INFO - 2021-05-21 22:43:08,445 - app.synchronizers.mbop - 120 - Fetching and parsing single offer 3/8...
INFO - 2021-05-21 22:43:09,545 - app.synchronizers.mbop - 120 - Fetching and parsing single offer 3/9...
INFO - 2021-05-21 22:43:10,660 - app.synchronizers.mbop - 123 - Upserting in database...
INFO - 2021-05-21 22:43:10,705 - app.synchronizers.mbop - 125 - Done.
INFO - 2021-05-21 22:43:10,705 - app.synchronizers.mbop - 103 - Fetching links from page 4...
INFO - 2021-05-21 22:43:11,786 - app.synchronizers.mbop - 120 - Fetching and parsing single offer 4/0...
INFO - 2021-05-21 22:43:12,871 - app.synchronizers.mbop - 120 - Fetching and parsing single offer 4/1...
INFO - 2021-05-21 22:43:13,961 - app.synchronizers.mbop - 120 - Fetching and parsing single offer 4/2...
INFO - 2021-05-21 22:43:15,079 - app.synchronizers.mbop - 120 - Fetching and parsing single offer 4/3...
INFO - 2021-05-21 22:43:16,167 - app.synchronizers.mbop - 120 - Fetching and parsing single offer 4/4...
INFO - 2021-05-21 22:43:17,252 - app.synchronizers.mbop - 120 - Fetching and parsing single offer 4/5...
INFO - 2021-05-21 22:43:18,340 - app.synchronizers.mbop - 120 - Fetching and parsing single offer 4/6...
INFO - 2021-05-21 22:43:19,489 - app.synchronizers.mbop - 120 - Fetching and parsing single offer 4/7...
INFO - 2021-05-21 22:43:20,584 - app.synchronizers.mbop - 120 - Fetching and parsing single offer 4/8...
INFO - 2021-05-21 22:43:21,671 - app.synchronizers.mbop - 120 - Fetching and parsing single offer 4/9...
INFO - 2021-05-21 22:43:22,753 - app.synchronizers.mbop - 123 - Upserting in database...
INFO - 2021-05-21 22:43:22,795 - app.synchronizers.mbop - 125 - Done.
INFO - 2021-05-21 22:43:22,796 - app.synchronizers.mbop - 103 - Fetching links from page 5...
INFO - 2021-05-21 22:43:23,880 - app.synchronizers.mbop - 120 - Fetching and parsing single offer 5/0...
INFO - 2021-05-21 22:43:24,967 - app.synchronizers.mbop - 120 - Fetching and parsing single offer 5/1...
INFO - 2021-05-21 22:43:26,052 - app.synchronizers.mbop - 120 - Fetching and parsing single offer 5/2...
INFO - 2021-05-21 22:43:27,164 - app.synchronizers.mbop - 120 - Fetching and parsing single offer 5/3...
INFO - 2021-05-21 22:43:28,259 - app.synchronizers.mbop - 120 - Fetching and parsing single offer 5/4...
INFO - 2021-05-21 22:43:29,347 - app.synchronizers.mbop - 120 - Fetching and parsing single offer 5/5...
INFO - 2021-05-21 22:43:30,428 - app.synchronizers.mbop - 120 - Fetching and parsing single offer 5/6...
INFO - 2021-05-21 22:43:31,517 - app.synchronizers.mbop - 120 - Fetching and parsing single offer 5/7...
INFO - 2021-05-21 22:43:32,607 - app.synchronizers.mbop - 120 - Fetching and parsing single offer 5/8...
INFO - 2021-05-21 22:43:33,688 - app.synchronizers.mbop - 120 - Fetching and parsing single offer 5/9...
INFO - 2021-05-21 22:43:34,779 - app.synchronizers.mbop - 123 - Upserting in database...
INFO - 2021-05-21 22:43:34,821 - app.synchronizers.mbop - 125 - Done.
INFO - 2021-05-21 22:43:34,821 - app.synchronizers.mbop - 103 - Fetching links from page 6...
INFO - 2021-05-21 22:43:35,897 - app.synchronizers.mbop - 120 - Fetching and parsing single offer 6/0...
INFO - 2021-05-21 22:43:36,993 - app.synchronizers.mbop - 120 - Fetching and parsing single offer 6/1...
INFO - 2021-05-21 22:43:38,079 - app.synchronizers.mbop - 120 - Fetching and parsing single offer 6/2...
INFO - 2021-05-21 22:43:39,168 - app.synchronizers.mbop - 120 - Fetching and parsing single offer 6/3...
INFO - 2021-05-21 22:43:40,251 - app.synchronizers.mbop - 120 - Fetching and parsing single offer 6/4...
INFO - 2021-05-21 22:43:41,339 - app.synchronizers.mbop - 120 - Fetching and parsing single offer 6/5...
INFO - 2021-05-21 22:43:42,457 - app.synchronizers.mbop - 120 - Fetching and parsing single offer 6/6...
INFO - 2021-05-21 22:43:43,550 - app.synchronizers.mbop - 120 - Fetching and parsing single offer 6/7...
INFO - 2021-05-21 22:43:44,633 - app.synchronizers.mbop - 120 - Fetching and parsing single offer 6/8...
INFO - 2021-05-21 22:43:45,718 - app.synchronizers.mbop - 120 - Fetching and parsing single offer 6/9...
INFO - 2021-05-21 22:43:46,803 - app.synchronizers.mbop - 123 - Upserting in database...
INFO - 2021-05-21 22:43:46,841 - app.synchronizers.mbop - 125 - Done.
INFO - 2021-05-21 22:43:46,841 - app.synchronizers.mbop - 103 - Fetching links from page 7...
INFO - 2021-05-21 22:43:47,928 - app.synchronizers.mbop - 120 - Fetching and parsing single offer 7/0...
INFO - 2021-05-21 22:43:49,007 - app.synchronizers.mbop - 120 - Fetching and parsing single offer 7/1...
INFO - 2021-05-21 22:43:50,092 - app.synchronizers.mbop - 120 - Fetching and parsing single offer 7/2...
INFO - 2021-05-21 22:43:51,177 - app.synchronizers.mbop - 120 - Fetching and parsing single offer 7/3...
INFO - 2021-05-21 22:43:52,265 - app.synchronizers.mbop - 120 - Fetching and parsing single offer 7/4...
INFO - 2021-05-21 22:43:53,364 - app.synchronizers.mbop - 120 - Fetching and parsing single offer 7/5...
INFO - 2021-05-21 22:43:54,453 - app.synchronizers.mbop - 120 - Fetching and parsing single offer 7/6...
INFO - 2021-05-21 22:43:55,547 - app.synchronizers.mbop - 120 - Fetching and parsing single offer 7/7...
INFO - 2021-05-21 22:43:56,625 - app.synchronizers.mbop - 120 - Fetching and parsing single offer 7/8...
INFO - 2021-05-21 22:43:57,709 - app.synchronizers.mbop - 120 - Fetching and parsing single offer 7/9...
INFO - 2021-05-21 22:43:58,798 - app.synchronizers.mbop - 123 - Upserting in database...
INFO - 2021-05-21 22:43:58,836 - app.synchronizers.mbop - 125 - Done.
INFO - 2021-05-21 22:43:58,836 - app.synchronizers.mbop - 103 - Fetching links from page 8...
INFO - 2021-05-21 22:43:59,921 - app.synchronizers.mbop - 120 - Fetching and parsing single offer 8/0...
INFO - 2021-05-21 22:44:01,016 - app.synchronizers.mbop - 120 - Fetching and parsing single offer 8/1...
INFO - 2021-05-21 22:44:02,111 - app.synchronizers.mbop - 120 - Fetching and parsing single offer 8/2...
INFO - 2021-05-21 22:44:03,206 - app.synchronizers.mbop - 120 - Fetching and parsing single offer 8/3...
INFO - 2021-05-21 22:44:04,301 - app.synchronizers.mbop - 120 - Fetching and parsing single offer 8/4...
INFO - 2021-05-21 22:44:05,386 - app.synchronizers.mbop - 120 - Fetching and parsing single offer 8/5...
INFO - 2021-05-21 22:44:06,481 - app.synchronizers.mbop - 120 - Fetching and parsing single offer 8/6...
INFO - 2021-05-21 22:44:07,571 - app.synchronizers.mbop - 120 - Fetching and parsing single offer 8/7...
INFO - 2021-05-21 22:44:08,670 - app.synchronizers.mbop - 120 - Fetching and parsing single offer 8/8...
INFO - 2021-05-21 22:44:09,765 - app.synchronizers.mbop - 120 - Fetching and parsing single offer 8/9...
INFO - 2021-05-21 22:44:10,852 - app.synchronizers.mbop - 123 - Upserting in database...
INFO - 2021-05-21 22:44:10,951 - app.synchronizers.mbop - 125 - Done.
INFO - 2021-05-21 22:44:10,951 - app.synchronizers.mbop - 103 - Fetching links from page 9...
INFO - 2021-05-21 22:44:12,030 - app.synchronizers.mbop - 120 - Fetching and parsing single offer 9/0...
INFO - 2021-05-21 22:44:13,132 - app.synchronizers.mbop - 120 - Fetching and parsing single offer 9/1...
INFO - 2021-05-21 22:44:14,217 - app.synchronizers.mbop - 120 - Fetching and parsing single offer 9/2...
INFO - 2021-05-21 22:44:15,296 - app.synchronizers.mbop - 120 - Fetching and parsing single offer 9/3...
INFO - 2021-05-21 22:44:16,376 - app.synchronizers.mbop - 120 - Fetching and parsing single offer 9/4...
INFO - 2021-05-21 22:44:17,468 - app.synchronizers.mbop - 120 - Fetching and parsing single offer 9/5...
INFO - 2021-05-21 22:44:18,555 - app.synchronizers.mbop - 120 - Fetching and parsing single offer 9/6...
INFO - 2021-05-21 22:44:19,648 - app.synchronizers.mbop - 120 - Fetching and parsing single offer 9/7...
INFO - 2021-05-21 22:44:20,735 - app.synchronizers.mbop - 120 - Fetching and parsing single offer 9/8...
INFO - 2021-05-21 22:44:21,817 - app.synchronizers.mbop - 120 - Fetching and parsing single offer 9/9...
INFO - 2021-05-21 22:44:22,903 - app.synchronizers.mbop - 123 - Upserting in database...
INFO - 2021-05-21 22:44:22,941 - app.synchronizers.mbop - 125 - Done.
INFO - 2021-05-21 22:44:22,941 - app.synchronizers.mbop - 103 - Fetching links from page 10...
INFO - 2021-05-21 22:44:24,023 - app.synchronizers.mbop - 120 - Fetching and parsing single offer 10/0...
INFO - 2021-05-21 22:44:25,118 - app.synchronizers.mbop - 120 - Fetching and parsing single offer 10/1...
INFO - 2021-05-21 22:44:26,207 - app.synchronizers.mbop - 120 - Fetching and parsing single offer 10/2...
INFO - 2021-05-21 22:44:27,301 - app.synchronizers.mbop - 120 - Fetching and parsing single offer 10/3...
INFO - 2021-05-21 22:44:28,383 - app.synchronizers.mbop - 120 - Fetching and parsing single offer 10/4...
INFO - 2021-05-21 22:44:29,473 - app.synchronizers.mbop - 120 - Fetching and parsing single offer 10/5...
INFO - 2021-05-21 22:44:30,604 - app.synchronizers.mbop - 120 - Fetching and parsing single offer 10/6...
INFO - 2021-05-21 22:44:31,684 - app.synchronizers.mbop - 120 - Fetching and parsing single offer 10/7...
INFO - 2021-05-21 22:44:32,799 - app.synchronizers.mbop - 120 - Fetching and parsing single offer 10/8...
INFO - 2021-05-21 22:44:33,909 - app.synchronizers.mbop - 120 - Fetching and parsing single offer 10/9...
INFO - 2021-05-21 22:44:34,998 - app.synchronizers.mbop - 123 - Upserting in database...
INFO - 2021-05-21 22:44:35,040 - app.synchronizers.mbop - 125 - Done.
INFO - 2021-05-21 22:48:07,276 - app.synchronizers.mbop - 89 - Starting synchronization...
INFO - 2021-05-21 22:48:07,277 - app.synchronizers.mbop - 91 - Synchronization state set to true.
INFO - 2021-05-21 22:48:07,278 - app.synchronizers.mbop - 103 - Fetching links from page 1...
INFO - 2021-05-21 22:48:09,150 - app.synchronizers.mbop - 108 - Fetching and parsing single offer 1/0...
INFO - 2021-05-21 22:48:10,248 - app.synchronizers.mbop - 108 - Fetching and parsing single offer 1/1...
INFO - 2021-05-21 22:48:11,363 - app.synchronizers.mbop - 108 - Fetching and parsing single offer 1/2...
INFO - 2021-05-21 22:48:12,469 - app.synchronizers.mbop - 108 - Fetching and parsing single offer 1/3...
INFO - 2021-05-21 22:48:13,582 - app.synchronizers.mbop - 108 - Fetching and parsing single offer 1/4...
INFO - 2021-05-21 22:48:14,676 - app.synchronizers.mbop - 108 - Fetching and parsing single offer 1/5...
INFO - 2021-05-21 22:48:15,772 - app.synchronizers.mbop - 108 - Fetching and parsing single offer 1/6...
INFO - 2021-05-21 22:48:16,860 - app.synchronizers.mbop - 108 - Fetching and parsing single offer 1/7...
INFO - 2021-05-21 22:48:17,960 - app.synchronizers.mbop - 108 - Fetching and parsing single offer 1/8...
INFO - 2021-05-21 22:48:19,056 - app.synchronizers.mbop - 108 - Fetching and parsing single offer 1/9...
INFO - 2021-05-21 22:48:20,151 - app.synchronizers.mbop - 112 - Upserting in database...
INFO - 2021-05-21 22:48:20,154 - app.senders.notification - 80 - Starting sending mail notifications...
INFO - 2021-05-21 22:48:20,155 - app.senders.notification - 82 - Mail notofication sender state set to true.
INFO - 2021-05-21 22:48:20,157 - uvicorn.error - 38 - Application startup complete.
INFO - 2021-05-21 22:48:20,362 - uvicorn.error - 199 - Uvicorn running on http://localhost:9999 (Press CTRL+C to quit)
ERROR - 2021-05-21 22:48:21,584 - asyncio - 1707 - Task exception was never retrieved
future: <Task finished name='Task-4' coro=<repeat_every.<locals>.decorator.<locals>.wrapped.<locals>.loop() done, defined at C:\Users\Maciej\PycharmProjects\teaching_vacancy\venv\lib\site-packages\fastapi_utils\tasks.py:57> exception=AttributeError("'UserOut' object has no attribute 'get'")>
Traceback (most recent call last):
  File "C:\Users\Maciej\PycharmProjects\teaching_vacancy\venv\lib\site-packages\fastapi_utils\tasks.py", line 73, in loop
    raise exc
  File "C:\Users\Maciej\PycharmProjects\teaching_vacancy\venv\lib\site-packages\fastapi_utils\tasks.py", line 64, in loop
    await func()  # type: ignore
  File "C:\Users\Maciej\PycharmProjects\teaching_vacancy\app\main.py", line 54, in send_notifications
    await mail_notification_sender.send_notifications()
  File "C:\Users\Maciej\PycharmProjects\teaching_vacancy\app\senders\notification.py", line 88, in send_notifications
    self._send_mail(user, list_of_new_offers_for_user)
  File "C:\Users\Maciej\PycharmProjects\teaching_vacancy\app\senders\notification.py", line 70, in _send_mail
    user.get('email'),
AttributeError: 'UserOut' object has no attribute 'get'
INFO - 2021-05-21 22:48:21,605 - app.synchronizers.mbop - 114 - Done.
INFO - 2021-05-21 22:49:42,016 - app.synchronizers.mbop - 89 - Starting synchronization...
INFO - 2021-05-21 22:49:42,017 - app.synchronizers.mbop - 91 - Synchronization state set to true.
INFO - 2021-05-21 22:49:42,018 - app.synchronizers.mbop - 103 - Fetching links from page 1...
INFO - 2021-05-21 22:49:44,235 - app.synchronizers.mbop - 108 - Fetching and parsing single offer 1/0...
INFO - 2021-05-21 22:49:45,364 - app.synchronizers.mbop - 108 - Fetching and parsing single offer 1/1...
INFO - 2021-05-21 22:49:46,463 - app.synchronizers.mbop - 108 - Fetching and parsing single offer 1/2...
INFO - 2021-05-21 22:49:47,559 - app.synchronizers.mbop - 108 - Fetching and parsing single offer 1/3...
INFO - 2021-05-21 22:49:48,672 - app.synchronizers.mbop - 108 - Fetching and parsing single offer 1/4...
INFO - 2021-05-21 22:49:49,792 - app.synchronizers.mbop - 108 - Fetching and parsing single offer 1/5...
INFO - 2021-05-21 22:49:50,898 - app.synchronizers.mbop - 108 - Fetching and parsing single offer 1/6...
INFO - 2021-05-21 22:49:52,019 - app.synchronizers.mbop - 108 - Fetching and parsing single offer 1/7...
INFO - 2021-05-21 22:49:53,135 - app.synchronizers.mbop - 108 - Fetching and parsing single offer 1/8...
INFO - 2021-05-21 22:49:54,234 - app.synchronizers.mbop - 108 - Fetching and parsing single offer 1/9...
INFO - 2021-05-21 22:49:55,329 - app.synchronizers.mbop - 112 - Upserting in database...
INFO - 2021-05-21 22:49:55,332 - app.senders.notification - 80 - Starting sending mail notifications...
INFO - 2021-05-21 22:49:55,332 - app.senders.notification - 82 - Mail notofication sender state set to true.
INFO - 2021-05-21 22:49:55,334 - uvicorn.error - 38 - Application startup complete.
INFO - 2021-05-21 22:49:55,568 - uvicorn.error - 199 - Uvicorn running on http://localhost:9999 (Press CTRL+C to quit)
ERROR - 2021-05-21 22:49:56,474 - asyncio - 1707 - Task exception was never retrieved
future: <Task finished name='Task-4' coro=<repeat_every.<locals>.decorator.<locals>.wrapped.<locals>.loop() done, defined at C:\Users\Maciej\PycharmProjects\teaching_vacancy\venv\lib\site-packages\fastapi_utils\tasks.py:57> exception=AttributeError("'UserOut' object has no attribute 'get'")>
Traceback (most recent call last):
  File "C:\Users\Maciej\PycharmProjects\teaching_vacancy\venv\lib\site-packages\fastapi_utils\tasks.py", line 73, in loop
    raise exc
  File "C:\Users\Maciej\PycharmProjects\teaching_vacancy\venv\lib\site-packages\fastapi_utils\tasks.py", line 64, in loop
    await func()  # type: ignore
  File "C:\Users\Maciej\PycharmProjects\teaching_vacancy\app\main.py", line 53, in send_notifications
    await mail_notification_sender.send_notifications()
  File "C:\Users\Maciej\PycharmProjects\teaching_vacancy\app\senders\notification.py", line 88, in send_notifications
    self._send_mail(user, list_of_new_offers_for_user)
  File "C:\Users\Maciej\PycharmProjects\teaching_vacancy\app\senders\notification.py", line 70, in _send_mail
    user.get('email'),
AttributeError: 'UserOut' object has no attribute 'get'
INFO - 2021-05-21 22:49:56,481 - app.synchronizers.mbop - 114 - Done.
INFO - 2021-05-21 22:52:39,665 - app.synchronizers.mbop - 89 - Starting synchronization...
INFO - 2021-05-21 22:52:39,666 - app.synchronizers.mbop - 91 - Synchronization state set to true.
INFO - 2021-05-21 22:52:39,666 - app.synchronizers.mbop - 103 - Fetching links from page 1...
INFO - 2021-05-21 22:52:41,548 - app.synchronizers.mbop - 108 - Fetching and parsing single offer 1/0...
INFO - 2021-05-21 22:52:42,645 - app.synchronizers.mbop - 108 - Fetching and parsing single offer 1/1...
INFO - 2021-05-21 22:52:43,776 - app.synchronizers.mbop - 108 - Fetching and parsing single offer 1/2...
INFO - 2021-05-21 22:52:44,907 - app.synchronizers.mbop - 108 - Fetching and parsing single offer 1/3...
INFO - 2021-05-21 22:52:45,990 - app.synchronizers.mbop - 108 - Fetching and parsing single offer 1/4...
INFO - 2021-05-21 22:52:47,074 - app.synchronizers.mbop - 108 - Fetching and parsing single offer 1/5...
INFO - 2021-05-21 22:52:48,167 - app.synchronizers.mbop - 108 - Fetching and parsing single offer 1/6...
INFO - 2021-05-21 22:52:49,256 - app.synchronizers.mbop - 108 - Fetching and parsing single offer 1/7...
INFO - 2021-05-21 22:52:50,337 - app.synchronizers.mbop - 108 - Fetching and parsing single offer 1/8...
INFO - 2021-05-21 22:52:51,420 - app.synchronizers.mbop - 108 - Fetching and parsing single offer 1/9...
INFO - 2021-05-21 22:52:52,496 - app.synchronizers.mbop - 112 - Upserting in database...
INFO - 2021-05-21 22:52:52,499 - app.senders.notification - 82 - Starting sending mail notifications...
INFO - 2021-05-21 22:52:52,499 - app.senders.notification - 84 - Mail notification sender state set to true.
INFO - 2021-05-21 22:52:52,501 - uvicorn.error - 38 - Application startup complete.
INFO - 2021-05-21 22:52:52,648 - uvicorn.error - 199 - Uvicorn running on http://localhost:9999 (Press CTRL+C to quit)
INFO - 2021-05-21 22:52:53,160 - app.synchronizers.mbop - 114 - Done.
ERROR - 2021-05-21 22:52:53,636 - asyncio - 1707 - Task exception was never retrieved
future: <Task finished name='Task-4' coro=<repeat_every.<locals>.decorator.<locals>.wrapped.<locals>.loop() done, defined at C:\Users\Maciej\PycharmProjects\teaching_vacancy\venv\lib\site-packages\fastapi_utils\tasks.py:57> exception=UnicodeEncodeError('ascii', 'Subject: nowe oferty w Mazowieckim Banku Ofert Pracy dla Nauczycieli\r\n\r\nPojawiy si nowe oferty pracy, ktre mog Ci zainteresowa:\r\n\r\n', 78, 79, 'ordinal not in range(128)')>
Traceback (most recent call last):
  File "C:\Users\Maciej\PycharmProjects\teaching_vacancy\venv\lib\site-packages\fastapi_utils\tasks.py", line 73, in loop
    raise exc
  File "C:\Users\Maciej\PycharmProjects\teaching_vacancy\venv\lib\site-packages\fastapi_utils\tasks.py", line 64, in loop
    await func()  # type: ignore
  File "C:\Users\Maciej\PycharmProjects\teaching_vacancy\app\main.py", line 53, in send_notifications
    await mail_notification_sender.send_notifications()
  File "C:\Users\Maciej\PycharmProjects\teaching_vacancy\app\senders\notification.py", line 90, in send_notifications
    self._send_mail(user, list_of_new_offers_for_user)
  File "C:\Users\Maciej\PycharmProjects\teaching_vacancy\app\senders\notification.py", line 70, in _send_mail
    server.sendmail(
  File "C:\Users\Maciej\AppData\Local\Programs\Python\Python38\lib\smtplib.py", line 859, in sendmail
    msg = _fix_eols(msg).encode('ascii')
UnicodeEncodeError: 'ascii' codec can't encode character '\u0142' in position 78: ordinal not in range(128)
INFO - 2021-05-21 23:00:56,028 - app.senders.notification - 86 - Starting sending mail notifications...
INFO - 2021-05-21 23:00:56,029 - app.senders.notification - 88 - Mail notification sender state set to true.
INFO - 2021-05-21 23:00:56,033 - uvicorn.error - 38 - Application startup complete.
INFO - 2021-05-21 23:00:56,090 - uvicorn.error - 199 - Uvicorn running on http://localhost:9999 (Press CTRL+C to quit)
INFO - 2021-05-21 23:01:58,206 - app.senders.notification - 86 - Starting sending mail notifications...
INFO - 2021-05-21 23:01:58,206 - app.senders.notification - 88 - Mail notification sender state set to true.
INFO - 2021-05-21 23:05:31,092 - app.senders.notification - 86 - Starting sending mail notifications...
INFO - 2021-05-21 23:05:31,093 - app.senders.notification - 88 - Mail notification sender state set to true.
INFO - 2021-05-21 23:05:31,094 - app.senders.notification - 90 - Fetching users list...
INFO - 2021-05-21 23:05:31,111 - uvicorn.error - 38 - Application startup complete.
INFO - 2021-05-21 23:05:31,152 - uvicorn.error - 199 - Uvicorn running on http://localhost:9999 (Press CTRL+C to quit)
INFO - 2021-05-21 23:05:31,763 - app.senders.notification - 92 - Done.
INFO - 2021-05-21 23:05:31,764 - app.senders.notification - 95 - Fetching offers for user maciejsagata@gmail.com...
INFO - 2021-05-21 23:05:31,795 - app.senders.notification - 97 - Done. []
INFO - 2021-05-21 23:15:52,939 - app.senders.notification - 85 - Starting sending mail notifications...
INFO - 2021-05-21 23:15:52,939 - app.senders.notification - 87 - Mail notification sender state set to true.
INFO - 2021-05-21 23:15:52,940 - app.senders.notification - 89 - Fetching users list...
INFO - 2021-05-21 23:15:52,943 - uvicorn.error - 38 - Application startup complete.
INFO - 2021-05-21 23:15:52,998 - uvicorn.error - 199 - Uvicorn running on http://localhost:9999 (Press CTRL+C to quit)
INFO - 2021-05-21 23:15:53,546 - app.senders.notification - 91 - Done.
INFO - 2021-05-21 23:15:53,546 - app.senders.notification - 94 - Fetching offers for user maciejsagata@gmail.com...
INFO - 2021-05-21 23:15:53,577 - app.senders.notification - 96 - Done. [OfferOut(ext_id='95518', type='Szkoa podstawowa', administration='publiczna', name='Szkoa Podstawowa z Oddziaami Integracyjnymi nr 344 w Warszawie', city='Warszawa', street='Erazma z Zakroczymia', house_number='15', postal_code='03-185', phone_number='226149030', email='sekretariat@sp344.edu.pl', subject='bibliotekarstwo', time='30', type_of_employment='Wakat', date_added='2021-05-20', date_of_expiration='2021-05-26', id='60a67e864a2791f102f48182'), OfferOut(ext_id='95625', type='Gimnazjum', administration='publiczna', name='Szkoa Podstawowa nr 369', city='Warszawa', street='S. Przybyszewskiego', house_number='45', postal_code='01-849', phone_number='0228340673', email='sp369@edu.um.warszawa.pl', subject='bibliotekarstwo', time='15', type_of_employment='Wakat', date_added='2021-05-21', date_of_expiration='2021-06-17', id='60a81b5e4a2791f102a3553f')]
INFO - 2021-05-21 23:29:14,758 - app.senders.notification - 96 - Starting sending mail notifications...
INFO - 2021-05-21 23:29:14,759 - app.senders.notification - 98 - Mail notification sender state set to true.
INFO - 2021-05-21 23:29:14,759 - app.senders.notification - 100 - Fetching users list...
INFO - 2021-05-21 23:29:14,763 - uvicorn.error - 38 - Application startup complete.
INFO - 2021-05-21 23:29:14,863 - uvicorn.error - 199 - Uvicorn running on http://localhost:9999 (Press CTRL+C to quit)
INFO - 2021-05-21 23:29:15,486 - app.senders.notification - 102 - Done.
INFO - 2021-05-21 23:29:15,487 - app.senders.notification - 105 - Fetching offers for user maciejsagata@gmail.com...
INFO - 2021-05-21 23:29:15,522 - app.senders.notification - 107 - Done. [OfferOut(ext_id='95518', type='Szkoa podstawowa', administration='publiczna', name='Szkoa Podstawowa z Oddziaami Integracyjnymi nr 344 w Warszawie', city='Warszawa', street='Erazma z Zakroczymia', house_number='15', postal_code='03-185', phone_number='226149030', email='sekretariat@sp344.edu.pl', subject='bibliotekarstwo', time='30', type_of_employment='Wakat', date_added='2021-05-20', date_of_expiration='2021-05-26', id='60a67e864a2791f102f48182'), OfferOut(ext_id='95625', type='Gimnazjum', administration='publiczna', name='Szkoa Podstawowa nr 369', city='Warszawa', street='S. Przybyszewskiego', house_number='45', postal_code='01-849', phone_number='0228340673', email='sp369@edu.um.warszawa.pl', subject='bibliotekarstwo', time='15', type_of_employment='Wakat', date_added='2021-05-21', date_of_expiration='2021-06-17', id='60a81b5e4a2791f102a3553f')]
ERROR - 2021-05-21 23:29:16,002 - asyncio - 1707 - Task exception was never retrieved
future: <Task finished name='Task-4' coro=<repeat_every.<locals>.decorator.<locals>.wrapped.<locals>.loop() done, defined at C:\Users\Maciej\PycharmProjects\teaching_vacancy\venv\lib\site-packages\fastapi_utils\tasks.py:57> exception=NameError("name 'msg' is not defined")>
Traceback (most recent call last):
  File "C:\Users\Maciej\PycharmProjects\teaching_vacancy\venv\lib\site-packages\fastapi_utils\tasks.py", line 73, in loop
    raise exc
  File "C:\Users\Maciej\PycharmProjects\teaching_vacancy\venv\lib\site-packages\fastapi_utils\tasks.py", line 64, in loop
    await func()  # type: ignore
  File "C:\Users\Maciej\PycharmProjects\teaching_vacancy\app\main.py", line 53, in send_notifications
    await mail_notification_sender.send_notifications()
  File "C:\Users\Maciej\PycharmProjects\teaching_vacancy\app\senders\notification.py", line 109, in send_notifications
    self._send_mail(user, list_of_new_offers_for_user)
  File "C:\Users\Maciej\PycharmProjects\teaching_vacancy\app\senders\notification.py", line 88, in _send_mail
    server.send_message(self._create_mail_message(user, list_of_new_offers_for_user))
  File "C:\Users\Maciej\PycharmProjects\teaching_vacancy\app\senders\notification.py", line 81, in _create_mail_message
    return msg
NameError: name 'msg' is not defined
INFO - 2021-05-21 23:29:44,307 - app.senders.notification - 94 - Starting sending mail notifications...
INFO - 2021-05-21 23:29:44,308 - app.senders.notification - 96 - Mail notification sender state set to true.
INFO - 2021-05-21 23:29:44,308 - app.senders.notification - 98 - Fetching users list...
INFO - 2021-05-21 23:29:44,322 - uvicorn.error - 38 - Application startup complete.
INFO - 2021-05-21 23:29:44,379 - uvicorn.error - 199 - Uvicorn running on http://localhost:9999 (Press CTRL+C to quit)
INFO - 2021-05-21 23:29:44,858 - app.senders.notification - 100 - Done.
INFO - 2021-05-21 23:29:44,858 - app.senders.notification - 103 - Fetching offers for user maciejsagata@gmail.com...
INFO - 2021-05-21 23:29:44,889 - app.senders.notification - 105 - Done. [OfferOut(ext_id='95518', type='Szkoa podstawowa', administration='publiczna', name='Szkoa Podstawowa z Oddziaami Integracyjnymi nr 344 w Warszawie', city='Warszawa', street='Erazma z Zakroczymia', house_number='15', postal_code='03-185', phone_number='226149030', email='sekretariat@sp344.edu.pl', subject='bibliotekarstwo', time='30', type_of_employment='Wakat', date_added='2021-05-20', date_of_expiration='2021-05-26', id='60a67e864a2791f102f48182'), OfferOut(ext_id='95625', type='Gimnazjum', administration='publiczna', name='Szkoa Podstawowa nr 369', city='Warszawa', street='S. Przybyszewskiego', house_number='45', postal_code='01-849', phone_number='0228340673', email='sp369@edu.um.warszawa.pl', subject='bibliotekarstwo', time='15', type_of_employment='Wakat', date_added='2021-05-21', date_of_expiration='2021-06-17', id='60a81b5e4a2791f102a3553f')]
INFO - 2021-05-21 23:32:17,663 - app.senders.notification - 95 - Starting sending mail notifications...
INFO - 2021-05-21 23:32:17,664 - app.senders.notification - 97 - Mail notification sender state set to true.
INFO - 2021-05-21 23:32:17,664 - app.senders.notification - 99 - Fetching users list...
INFO - 2021-05-21 23:32:17,668 - uvicorn.error - 38 - Application startup complete.
INFO - 2021-05-21 23:32:17,721 - uvicorn.error - 199 - Uvicorn running on http://localhost:9999 (Press CTRL+C to quit)
INFO - 2021-05-21 23:32:18,240 - app.senders.notification - 101 - Done.
INFO - 2021-05-21 23:32:18,240 - app.senders.notification - 104 - Fetching offers for user maciejsagata@gmail.com...
INFO - 2021-05-21 23:32:18,270 - app.senders.notification - 106 - Done. [OfferOut(ext_id='95518', type='Szkoa podstawowa', administration='publiczna', name='Szkoa Podstawowa z Oddziaami Integracyjnymi nr 344 w Warszawie', city='Warszawa', street='Erazma z Zakroczymia', house_number='15', postal_code='03-185', phone_number='226149030', email='sekretariat@sp344.edu.pl', subject='bibliotekarstwo', time='30', type_of_employment='Wakat', date_added='2021-05-20', date_of_expiration='2021-05-26', id='60a67e864a2791f102f48182'), OfferOut(ext_id='95625', type='Gimnazjum', administration='publiczna', name='Szkoa Podstawowa nr 369', city='Warszawa', street='S. Przybyszewskiego', house_number='45', postal_code='01-849', phone_number='0228340673', email='sp369@edu.um.warszawa.pl', subject='bibliotekarstwo', time='15', type_of_employment='Wakat', date_added='2021-05-21', date_of_expiration='2021-06-17', id='60a81b5e4a2791f102a3553f')]
INFO - 2021-05-21 23:33:59,346 - app.senders.notification - 95 - Starting sending mail notifications...
INFO - 2021-05-21 23:33:59,347 - app.senders.notification - 97 - Mail notification sender state set to true.
INFO - 2021-05-21 23:33:59,347 - app.senders.notification - 99 - Fetching users list...
INFO - 2021-05-21 23:33:59,354 - uvicorn.error - 38 - Application startup complete.
INFO - 2021-05-21 23:33:59,485 - uvicorn.error - 199 - Uvicorn running on http://localhost:9999 (Press CTRL+C to quit)
INFO - 2021-05-21 23:34:00,040 - app.senders.notification - 101 - Done.
INFO - 2021-05-21 23:34:00,041 - app.senders.notification - 104 - Fetching offers for user maciejsagata@gmail.com...
INFO - 2021-05-21 23:34:00,074 - app.senders.notification - 106 - Done. [OfferOut(ext_id='95518', type='Szkoa podstawowa', administration='publiczna', name='Szkoa Podstawowa z Oddziaami Integracyjnymi nr 344 w Warszawie', city='Warszawa', street='Erazma z Zakroczymia', house_number='15', postal_code='03-185', phone_number='226149030', email='sekretariat@sp344.edu.pl', subject='bibliotekarstwo', time='30', type_of_employment='Wakat', date_added='2021-05-20', date_of_expiration='2021-05-26', id='60a67e864a2791f102f48182'), OfferOut(ext_id='95625', type='Gimnazjum', administration='publiczna', name='Szkoa Podstawowa nr 369', city='Warszawa', street='S. Przybyszewskiego', house_number='45', postal_code='01-849', phone_number='0228340673', email='sp369@edu.um.warszawa.pl', subject='bibliotekarstwo', time='15', type_of_employment='Wakat', date_added='2021-05-21', date_of_expiration='2021-06-17', id='60a81b5e4a2791f102a3553f')]
INFO - 2021-05-21 23:34:52,301 - uvicorn.access - 461 - ::1:56451 - "GET / HTTP/1.1" 200
INFO - 2021-05-21 23:34:52,557 - uvicorn.access - 461 - ::1:56451 - "GET /favicon.ico HTTP/1.1" 404
INFO - 2021-05-21 23:34:57,463 - uvicorn.access - 461 - ::1:56451 - "GET /docs HTTP/1.1" 200
INFO - 2021-05-21 23:34:57,817 - uvicorn.access - 461 - ::1:56451 - "GET /openapi.json HTTP/1.1" 200
INFO - 2021-05-21 23:35:01,144 - app.senders.notification - 95 - Starting sending mail notifications...
INFO - 2021-05-21 23:35:01,145 - app.senders.notification - 97 - Mail notification sender state set to true.
INFO - 2021-05-21 23:35:01,146 - app.senders.notification - 99 - Fetching users list...
INFO - 2021-05-21 23:35:01,179 - app.senders.notification - 101 - Done.
INFO - 2021-05-21 23:35:01,180 - app.senders.notification - 104 - Fetching offers for user maciejsagata@gmail.com...
INFO - 2021-05-21 23:35:01,211 - app.senders.notification - 106 - Done. [OfferOut(ext_id='95518', type='Szkoa podstawowa', administration='publiczna', name='Szkoa Podstawowa z Oddziaami Integracyjnymi nr 344 w Warszawie', city='Warszawa', street='Erazma z Zakroczymia', house_number='15', postal_code='03-185', phone_number='226149030', email='sekretariat@sp344.edu.pl', subject='bibliotekarstwo', time='30', type_of_employment='Wakat', date_added='2021-05-20', date_of_expiration='2021-05-26', id='60a67e864a2791f102f48182'), OfferOut(ext_id='95625', type='Gimnazjum', administration='publiczna', name='Szkoa Podstawowa nr 369', city='Warszawa', street='S. Przybyszewskiego', house_number='45', postal_code='01-849', phone_number='0228340673', email='sp369@edu.um.warszawa.pl', subject='bibliotekarstwo', time='15', type_of_employment='Wakat', date_added='2021-05-21', date_of_expiration='2021-06-17', id='60a81b5e4a2791f102a3553f')]
INFO - 2021-05-21 23:35:26,174 - uvicorn.access - 461 - ::1:56458 - "POST /api/users/ HTTP/1.1" 200
INFO - 2021-05-21 23:36:02,367 - app.senders.notification - 95 - Starting sending mail notifications...
INFO - 2021-05-21 23:36:02,367 - app.senders.notification - 97 - Mail notification sender state set to true.
INFO - 2021-05-21 23:36:02,368 - app.senders.notification - 99 - Fetching users list...
INFO - 2021-05-21 23:36:02,397 - app.senders.notification - 101 - Done.
INFO - 2021-05-21 23:36:02,398 - app.senders.notification - 104 - Fetching offers for user maciejsagata@gmail.com...
INFO - 2021-05-21 23:36:02,429 - app.senders.notification - 106 - Done. [OfferOut(ext_id='95518', type='Szkoa podstawowa', administration='publiczna', name='Szkoa Podstawowa z Oddziaami Integracyjnymi nr 344 w Warszawie', city='Warszawa', street='Erazma z Zakroczymia', house_number='15', postal_code='03-185', phone_number='226149030', email='sekretariat@sp344.edu.pl', subject='bibliotekarstwo', time='30', type_of_employment='Wakat', date_added='2021-05-20', date_of_expiration='2021-05-26', id='60a67e864a2791f102f48182'), OfferOut(ext_id='95625', type='Gimnazjum', administration='publiczna', name='Szkoa Podstawowa nr 369', city='Warszawa', street='S. Przybyszewskiego', house_number='45', postal_code='01-849', phone_number='0228340673', email='sp369@edu.um.warszawa.pl', subject='bibliotekarstwo', time='15', type_of_employment='Wakat', date_added='2021-05-21', date_of_expiration='2021-06-17', id='60a81b5e4a2791f102a3553f')]
INFO - 2021-05-21 23:36:03,495 - app.senders.notification - 104 - Fetching offers for user agnrutkowska@gmail.com...
INFO - 2021-05-21 23:36:03,524 - app.senders.notification - 106 - Done. [OfferOut(ext_id='95518', type='Szkoa podstawowa', administration='publiczna', name='Szkoa Podstawowa z Oddziaami Integracyjnymi nr 344 w Warszawie', city='Warszawa', street='Erazma z Zakroczymia', house_number='15', postal_code='03-185', phone_number='226149030', email='sekretariat@sp344.edu.pl', subject='bibliotekarstwo', time='30', type_of_employment='Wakat', date_added='2021-05-20', date_of_expiration='2021-05-26', id='60a67e864a2791f102f48182'), OfferOut(ext_id='95625', type='Gimnazjum', administration='publiczna', name='Szkoa Podstawowa nr 369', city='Warszawa', street='S. Przybyszewskiego', house_number='45', postal_code='01-849', phone_number='0228340673', email='sp369@edu.um.warszawa.pl', subject='bibliotekarstwo', time='15', type_of_employment='Wakat', date_added='2021-05-21', date_of_expiration='2021-06-17', id='60a81b5e4a2791f102a3553f')]
